<?xml version="1.0" encoding="UTF-8"?>
<testng-results ignored="0" total="9" passed="9" failed="0" skipped="0">
  <reporter-output>
  </reporter-output>
  <suite started-at="2024-05-03T12:54:54 GMT" name="Vendot" finished-at="2024-05-03T12:55:47 GMT" duration-ms="52411">
    <groups>
    </groups>
    <test started-at="2024-05-03T12:54:54 GMT" name="sam" finished-at="2024-05-03T12:55:16 GMT" duration-ms="21572">
      <class name="org.sumeet.tests.vendorPortal.VendorPortalTests">
        <test-method is-config="true" signature="setupConfig()[pri:0, instance:org.sumeet.tests.vendorPortal.VendorPortalTests@275bf9b3]" started-at="2024-05-03T12:54:54 GMT" name="setupConfig" finished-at="2024-05-03T12:54:54 GMT" duration-ms="18" status="PASS">
          <reporter-output>
          </reporter-output>
        </test-method> <!-- setupConfig -->
        <test-method is-config="true" signature="setDriver(org.testng.ITestContext)[pri:0, instance:org.sumeet.tests.vendorPortal.VendorPortalTests@275bf9b3]" started-at="2024-05-03T12:54:54 GMT" name="setDriver" finished-at="2024-05-03T12:54:58 GMT" duration-ms="3123" status="PASS">
          <params>
            <param index="0">
              <value>
                <![CDATA[org.testng.TestRunner@74bf1791]]>
              </value>
            </param>
          </params>
          <reporter-output>
          </reporter-output>
        </test-method> <!-- setDriver -->
        <test-method is-config="true" signature="setPageObjects(java.lang.String)[pri:0, instance:org.sumeet.tests.vendorPortal.VendorPortalTests@275bf9b3]" started-at="2024-05-03T12:54:58 GMT" name="setPageObjects" finished-at="2024-05-03T12:54:58 GMT" depends-on-methods="org.sumeet.AbtractTest.setDriver" duration-ms="155" status="PASS">
          <params>
            <param index="0">
              <value>
                <![CDATA[test-data/vendor-portal/sam.json]]>
              </value>
            </param>
          </params>
          <reporter-output>
          </reporter-output>
        </test-method> <!-- setPageObjects -->
        <test-method signature="loginTest()[pri:0, instance:org.sumeet.tests.vendorPortal.VendorPortalTests@275bf9b3]" started-at="2024-05-03T12:54:58 GMT" name="loginTest" finished-at="2024-05-03T12:54:59 GMT" duration-ms="1507" status="PASS">
          <reporter-output>
          </reporter-output>
        </test-method> <!-- loginTest -->
        <test-method is-config="true" signature="sleep()[pri:0, instance:org.sumeet.tests.vendorPortal.VendorPortalTests@275bf9b3]" started-at="2024-05-03T12:54:59 GMT" name="sleep" finished-at="2024-05-03T12:55:04 GMT" duration-ms="5001" status="PASS">
          <reporter-output>
          </reporter-output>
        </test-method> <!-- sleep -->
        <test-method signature="dashboardTest()[pri:0, instance:org.sumeet.tests.vendorPortal.VendorPortalTests@275bf9b3]" started-at="2024-05-03T12:55:04 GMT" name="dashboardTest" finished-at="2024-05-03T12:55:04 GMT" depends-on-methods="org.sumeet.tests.vendorPortal.VendorPortalTests.loginTest" duration-ms="257" status="PASS">
          <reporter-output>
          </reporter-output>
        </test-method> <!-- dashboardTest -->
        <test-method is-config="true" signature="sleep()[pri:0, instance:org.sumeet.tests.vendorPortal.VendorPortalTests@275bf9b3]" started-at="2024-05-03T12:55:04 GMT" name="sleep" finished-at="2024-05-03T12:55:09 GMT" duration-ms="5001" status="PASS">
          <reporter-output>
          </reporter-output>
        </test-method> <!-- sleep -->
        <test-method signature="logoutTest()[pri:0, instance:org.sumeet.tests.vendorPortal.VendorPortalTests@275bf9b3]" started-at="2024-05-03T12:55:09 GMT" name="logoutTest" finished-at="2024-05-03T12:55:10 GMT" depends-on-methods="org.sumeet.tests.vendorPortal.VendorPortalTests.dashboardTest" duration-ms="969" status="PASS">
          <reporter-output>
          </reporter-output>
        </test-method> <!-- logoutTest -->
        <test-method is-config="true" signature="sleep()[pri:0, instance:org.sumeet.tests.vendorPortal.VendorPortalTests@275bf9b3]" started-at="2024-05-03T12:55:10 GMT" name="sleep" finished-at="2024-05-03T12:55:15 GMT" duration-ms="5000" status="PASS">
          <reporter-output>
          </reporter-output>
        </test-method> <!-- sleep -->
        <test-method is-config="true" signature="close()[pri:0, instance:org.sumeet.tests.vendorPortal.VendorPortalTests@275bf9b3]" started-at="2024-05-03T12:55:15 GMT" name="close" finished-at="2024-05-03T12:55:16 GMT" duration-ms="528" status="PASS">
          <reporter-output>
          </reporter-output>
        </test-method> <!-- close -->
        <test-method is-config="true" signature="quitDriver()[pri:0, instance:org.sumeet.tests.vendorPortal.VendorPortalTests@275bf9b3]" started-at="2024-05-03T12:55:16 GMT" name="quitDriver" finished-at="2024-05-03T12:55:16 GMT" depends-on-methods="org.sumeet.tests.vendorPortal.VendorPortalTests.close" duration-ms="0" status="PASS">
          <reporter-output>
          </reporter-output>
        </test-method> <!-- quitDriver -->
      </class> <!-- org.sumeet.tests.vendorPortal.VendorPortalTests -->
    </test> <!-- sam -->
    <test started-at="2024-05-03T12:54:54 GMT" name="mike" finished-at="2024-05-03T12:55:35 GMT" duration-ms="40529">
      <class name="org.sumeet.tests.vendorPortal.VendorPortalTests">
        <test-method is-config="true" signature="setDriver(org.testng.ITestContext)[pri:0, instance:org.sumeet.tests.vendorPortal.VendorPortalTests@398dada8]" started-at="2024-05-03T12:54:54 GMT" name="setDriver" finished-at="2024-05-03T12:55:17 GMT" duration-ms="22919" status="PASS">
          <params>
            <param index="0">
              <value>
                <![CDATA[org.testng.TestRunner@19c65cdc]]>
              </value>
            </param>
          </params>
          <reporter-output>
          </reporter-output>
        </test-method> <!-- setDriver -->
        <test-method is-config="true" signature="setPageObjects(java.lang.String)[pri:0, instance:org.sumeet.tests.vendorPortal.VendorPortalTests@398dada8]" started-at="2024-05-03T12:55:17 GMT" name="setPageObjects" finished-at="2024-05-03T12:55:17 GMT" depends-on-methods="org.sumeet.AbtractTest.setDriver" duration-ms="1" status="PASS">
          <params>
            <param index="0">
              <value>
                <![CDATA[test-data/vendor-portal/mike.json]]>
              </value>
            </param>
          </params>
          <reporter-output>
          </reporter-output>
        </test-method> <!-- setPageObjects -->
        <test-method signature="loginTest()[pri:0, instance:org.sumeet.tests.vendorPortal.VendorPortalTests@398dada8]" started-at="2024-05-03T12:55:17 GMT" name="loginTest" finished-at="2024-05-03T12:55:18 GMT" duration-ms="955" status="PASS">
          <reporter-output>
          </reporter-output>
        </test-method> <!-- loginTest -->
        <test-method is-config="true" signature="sleep()[pri:0, instance:org.sumeet.tests.vendorPortal.VendorPortalTests@398dada8]" started-at="2024-05-03T12:55:18 GMT" name="sleep" finished-at="2024-05-03T12:55:23 GMT" duration-ms="5001" status="PASS">
          <reporter-output>
          </reporter-output>
        </test-method> <!-- sleep -->
        <test-method signature="dashboardTest()[pri:0, instance:org.sumeet.tests.vendorPortal.VendorPortalTests@398dada8]" started-at="2024-05-03T12:55:23 GMT" name="dashboardTest" finished-at="2024-05-03T12:55:23 GMT" depends-on-methods="org.sumeet.tests.vendorPortal.VendorPortalTests.loginTest" duration-ms="188" status="PASS">
          <reporter-output>
          </reporter-output>
        </test-method> <!-- dashboardTest -->
        <test-method is-config="true" signature="sleep()[pri:0, instance:org.sumeet.tests.vendorPortal.VendorPortalTests@398dada8]" started-at="2024-05-03T12:55:23 GMT" name="sleep" finished-at="2024-05-03T12:55:28 GMT" duration-ms="5000" status="PASS">
          <reporter-output>
          </reporter-output>
        </test-method> <!-- sleep -->
        <test-method signature="logoutTest()[pri:0, instance:org.sumeet.tests.vendorPortal.VendorPortalTests@398dada8]" started-at="2024-05-03T12:55:28 GMT" name="logoutTest" finished-at="2024-05-03T12:55:29 GMT" depends-on-methods="org.sumeet.tests.vendorPortal.VendorPortalTests.dashboardTest" duration-ms="866" status="PASS">
          <reporter-output>
          </reporter-output>
        </test-method> <!-- logoutTest -->
        <test-method is-config="true" signature="sleep()[pri:0, instance:org.sumeet.tests.vendorPortal.VendorPortalTests@398dada8]" started-at="2024-05-03T12:55:29 GMT" name="sleep" finished-at="2024-05-03T12:55:34 GMT" duration-ms="5001" status="PASS">
          <reporter-output>
          </reporter-output>
        </test-method> <!-- sleep -->
        <test-method is-config="true" signature="close()[pri:0, instance:org.sumeet.tests.vendorPortal.VendorPortalTests@398dada8]" started-at="2024-05-03T12:55:34 GMT" name="close" finished-at="2024-05-03T12:55:35 GMT" duration-ms="584" status="PASS">
          <reporter-output>
          </reporter-output>
        </test-method> <!-- close -->
        <test-method is-config="true" signature="quitDriver()[pri:0, instance:org.sumeet.tests.vendorPortal.VendorPortalTests@398dada8]" started-at="2024-05-03T12:55:35 GMT" name="quitDriver" finished-at="2024-05-03T12:55:35 GMT" depends-on-methods="org.sumeet.tests.vendorPortal.VendorPortalTests.close" duration-ms="0" status="PASS">
          <reporter-output>
          </reporter-output>
        </test-method> <!-- quitDriver -->
      </class> <!-- org.sumeet.tests.vendorPortal.VendorPortalTests -->
    </test> <!-- mike -->
    <test started-at="2024-05-03T12:54:54 GMT" name="John" finished-at="2024-05-03T12:55:47 GMT" duration-ms="52411">
      <class name="org.sumeet.tests.vendorPortal.VendorPortalTests">
        <test-method is-config="true" signature="setDriver(org.testng.ITestContext)[pri:0, instance:org.sumeet.tests.vendorPortal.VendorPortalTests@5d99c6b5]" started-at="2024-05-03T12:54:54 GMT" name="setDriver" finished-at="2024-05-03T12:55:29 GMT" duration-ms="34979" status="PASS">
          <params>
            <param index="0">
              <value>
                <![CDATA[org.testng.TestRunner@327bcebd]]>
              </value>
            </param>
          </params>
          <reporter-output>
          </reporter-output>
        </test-method> <!-- setDriver -->
        <test-method is-config="true" signature="setPageObjects(java.lang.String)[pri:0, instance:org.sumeet.tests.vendorPortal.VendorPortalTests@5d99c6b5]" started-at="2024-05-03T12:55:29 GMT" name="setPageObjects" finished-at="2024-05-03T12:55:29 GMT" depends-on-methods="org.sumeet.AbtractTest.setDriver" duration-ms="2" status="PASS">
          <params>
            <param index="0">
              <value>
                <![CDATA[test-data/vendor-portal/john.json]]>
              </value>
            </param>
          </params>
          <reporter-output>
          </reporter-output>
        </test-method> <!-- setPageObjects -->
        <test-method signature="loginTest()[pri:0, instance:org.sumeet.tests.vendorPortal.VendorPortalTests@5d99c6b5]" started-at="2024-05-03T12:55:29 GMT" name="loginTest" finished-at="2024-05-03T12:55:30 GMT" duration-ms="894" status="PASS">
          <reporter-output>
          </reporter-output>
        </test-method> <!-- loginTest -->
        <test-method is-config="true" signature="sleep()[pri:0, instance:org.sumeet.tests.vendorPortal.VendorPortalTests@5d99c6b5]" started-at="2024-05-03T12:55:30 GMT" name="sleep" finished-at="2024-05-03T12:55:35 GMT" duration-ms="5001" status="PASS">
          <reporter-output>
          </reporter-output>
        </test-method> <!-- sleep -->
        <test-method signature="dashboardTest()[pri:0, instance:org.sumeet.tests.vendorPortal.VendorPortalTests@5d99c6b5]" started-at="2024-05-03T12:55:35 GMT" name="dashboardTest" finished-at="2024-05-03T12:55:35 GMT" depends-on-methods="org.sumeet.tests.vendorPortal.VendorPortalTests.loginTest" duration-ms="215" status="PASS">
          <reporter-output>
          </reporter-output>
        </test-method> <!-- dashboardTest -->
        <test-method is-config="true" signature="sleep()[pri:0, instance:org.sumeet.tests.vendorPortal.VendorPortalTests@5d99c6b5]" started-at="2024-05-03T12:55:35 GMT" name="sleep" finished-at="2024-05-03T12:55:40 GMT" duration-ms="5001" status="PASS">
          <reporter-output>
          </reporter-output>
        </test-method> <!-- sleep -->
        <test-method signature="logoutTest()[pri:0, instance:org.sumeet.tests.vendorPortal.VendorPortalTests@5d99c6b5]" started-at="2024-05-03T12:55:40 GMT" name="logoutTest" finished-at="2024-05-03T12:55:41 GMT" depends-on-methods="org.sumeet.tests.vendorPortal.VendorPortalTests.dashboardTest" duration-ms="769" status="PASS">
          <reporter-output>
          </reporter-output>
        </test-method> <!-- logoutTest -->
        <test-method is-config="true" signature="sleep()[pri:0, instance:org.sumeet.tests.vendorPortal.VendorPortalTests@5d99c6b5]" started-at="2024-05-03T12:55:41 GMT" name="sleep" finished-at="2024-05-03T12:55:46 GMT" duration-ms="5000" status="PASS">
          <reporter-output>
          </reporter-output>
        </test-method> <!-- sleep -->
        <test-method is-config="true" signature="close()[pri:0, instance:org.sumeet.tests.vendorPortal.VendorPortalTests@5d99c6b5]" started-at="2024-05-03T12:55:46 GMT" name="close" finished-at="2024-05-03T12:55:47 GMT" duration-ms="538" status="PASS">
          <reporter-output>
          </reporter-output>
        </test-method> <!-- close -->
        <test-method is-config="true" signature="quitDriver()[pri:0, instance:org.sumeet.tests.vendorPortal.VendorPortalTests@5d99c6b5]" started-at="2024-05-03T12:55:47 GMT" name="quitDriver" finished-at="2024-05-03T12:55:47 GMT" depends-on-methods="org.sumeet.tests.vendorPortal.VendorPortalTests.close" duration-ms="0" status="PASS">
          <reporter-output>
          </reporter-output>
        </test-method> <!-- quitDriver -->
      </class> <!-- org.sumeet.tests.vendorPortal.VendorPortalTests -->
    </test> <!-- John -->
  </suite> <!-- Vendot -->
</testng-results>
