<?xml version="1.0" encoding="UTF-8"?>
<testng-results ignored="0" total="20" passed="20" failed="0" skipped="0">
  <reporter-output>
  </reporter-output>
  <suite started-at="2024-05-03T12:54:54 GMT" name="Suite1" finished-at="2024-05-03T12:56:00 GMT" duration-ms="65664">
    <groups>
    </groups>
    <test started-at="2024-05-03T12:54:54 GMT" name="passenger1" finished-at="2024-05-03T12:55:27 GMT" duration-ms="33155">
      <class name="org.sumeet.tests.flightReservation.RegistrationPageTests">
        <test-method is-config="true" signature="setDriver(org.testng.ITestContext)[pri:0, instance:org.sumeet.tests.flightReservation.RegistrationPageTests@5d99c6b5]" started-at="2024-05-03T12:54:54 GMT" name="setDriver" finished-at="2024-05-03T12:54:58 GMT" duration-ms="3184" status="PASS">
          <params>
            <param index="0">
              <value>
                <![CDATA[org.testng.TestRunner@49c66ade]]>
              </value>
            </param>
          </params>
          <reporter-output>
          </reporter-output>
        </test-method> <!-- setDriver -->
        <test-method is-config="true" signature="setPageObjects(java.lang.String,java.lang.String,java.lang.String)[pri:0, instance:org.sumeet.tests.flightReservation.RegistrationPageTests@5d99c6b5]" started-at="2024-05-03T12:54:58 GMT" name="setPageObjects" finished-at="2024-05-03T12:54:58 GMT" depends-on-methods="org.sumeet.AbtractTest.setDriver" duration-ms="157" status="PASS">
          <params>
            <param index="0">
              <value>
                <![CDATA[2]]>
              </value>
            </param>
            <param index="1">
              <value>
                <![CDATA[$1169 USD]]>
              </value>
            </param>
            <param index="2">
              <value>
                <![CDATA[test-data/flight-reservation/passenger-1.json]]>
              </value>
            </param>
          </params>
          <reporter-output>
          </reporter-output>
        </test-method> <!-- setPageObjects -->
        <test-method signature="userRegistrationTest()[pri:0, instance:org.sumeet.tests.flightReservation.RegistrationPageTests@5d99c6b5]" started-at="2024-05-03T12:54:58 GMT" name="userRegistrationTest" finished-at="2024-05-03T12:55:00 GMT" duration-ms="2582" status="PASS">
          <reporter-output>
          </reporter-output>
        </test-method> <!-- userRegistrationTest -->
        <test-method is-config="true" signature="sleep()[pri:0, instance:org.sumeet.tests.flightReservation.RegistrationPageTests@5d99c6b5]" started-at="2024-05-03T12:55:00 GMT" name="sleep" finished-at="2024-05-03T12:55:05 GMT" duration-ms="5001" status="PASS">
          <reporter-output>
          </reporter-output>
        </test-method> <!-- sleep -->
        <test-method signature="userRegistrationConfirmationTest()[pri:0, instance:org.sumeet.tests.flightReservation.RegistrationPageTests@5d99c6b5]" started-at="2024-05-03T12:55:05 GMT" name="userRegistrationConfirmationTest" finished-at="2024-05-03T12:55:05 GMT" depends-on-methods="org.sumeet.tests.flightReservation.RegistrationPageTests.userRegistrationTest" duration-ms="109" status="PASS">
          <reporter-output>
          </reporter-output>
        </test-method> <!-- userRegistrationConfirmationTest -->
        <test-method is-config="true" signature="sleep()[pri:0, instance:org.sumeet.tests.flightReservation.RegistrationPageTests@5d99c6b5]" started-at="2024-05-03T12:55:05 GMT" name="sleep" finished-at="2024-05-03T12:55:10 GMT" duration-ms="5001" status="PASS">
          <reporter-output>
          </reporter-output>
        </test-method> <!-- sleep -->
        <test-method signature="userFlightSearchPageTest()[pri:0, instance:org.sumeet.tests.flightReservation.RegistrationPageTests@5d99c6b5]" started-at="2024-05-03T12:55:10 GMT" name="userFlightSearchPageTest" finished-at="2024-05-03T12:55:11 GMT" depends-on-methods="org.sumeet.tests.flightReservation.RegistrationPageTests.userRegistrationConfirmationTest" duration-ms="635" status="PASS">
          <reporter-output>
          </reporter-output>
        </test-method> <!-- userFlightSearchPageTest -->
        <test-method is-config="true" signature="sleep()[pri:0, instance:org.sumeet.tests.flightReservation.RegistrationPageTests@5d99c6b5]" started-at="2024-05-03T12:55:11 GMT" name="sleep" finished-at="2024-05-03T12:55:16 GMT" duration-ms="5000" status="PASS">
          <reporter-output>
          </reporter-output>
        </test-method> <!-- sleep -->
        <test-method signature="userFlightSelectionPageTest()[pri:0, instance:org.sumeet.tests.flightReservation.RegistrationPageTests@5d99c6b5]" started-at="2024-05-03T12:55:16 GMT" name="userFlightSelectionPageTest" finished-at="2024-05-03T12:55:17 GMT" depends-on-methods="org.sumeet.tests.flightReservation.RegistrationPageTests.userFlightSearchPageTest" duration-ms="740" status="PASS">
          <reporter-output>
          </reporter-output>
        </test-method> <!-- userFlightSelectionPageTest -->
        <test-method is-config="true" signature="sleep()[pri:0, instance:org.sumeet.tests.flightReservation.RegistrationPageTests@5d99c6b5]" started-at="2024-05-03T12:55:17 GMT" name="sleep" finished-at="2024-05-03T12:55:22 GMT" duration-ms="5001" status="PASS">
          <reporter-output>
          </reporter-output>
        </test-method> <!-- sleep -->
        <test-method signature="userFlightReservationConfirmationPageTest()[pri:0, instance:org.sumeet.tests.flightReservation.RegistrationPageTests@5d99c6b5]" started-at="2024-05-03T12:55:22 GMT" name="userFlightReservationConfirmationPageTest" finished-at="2024-05-03T12:55:22 GMT" depends-on-methods="org.sumeet.tests.flightReservation.RegistrationPageTests.userFlightSelectionPageTest" duration-ms="161" status="PASS">
          <reporter-output>
          </reporter-output>
        </test-method> <!-- userFlightReservationConfirmationPageTest -->
        <test-method is-config="true" signature="sleep()[pri:0, instance:org.sumeet.tests.flightReservation.RegistrationPageTests@5d99c6b5]" started-at="2024-05-03T12:55:22 GMT" name="sleep" finished-at="2024-05-03T12:55:27 GMT" duration-ms="5000" status="PASS">
          <reporter-output>
          </reporter-output>
        </test-method> <!-- sleep -->
        <test-method is-config="true" signature="quitDriver()[pri:0, instance:org.sumeet.tests.flightReservation.RegistrationPageTests@5d99c6b5]" started-at="2024-05-03T12:55:27 GMT" name="quitDriver" finished-at="2024-05-03T12:55:27 GMT" duration-ms="550" status="PASS">
          <reporter-output>
          </reporter-output>
        </test-method> <!-- quitDriver -->
      </class> <!-- org.sumeet.tests.flightReservation.RegistrationPageTests -->
    </test> <!-- passenger1 -->
    <test started-at="2024-05-03T12:54:54 GMT" name="passenger4" finished-at="2024-05-03T12:55:29 GMT" duration-ms="34387">
      <class name="org.sumeet.tests.flightReservation.RegistrationPageTests">
        <test-method is-config="true" signature="setupConfig()[pri:0, instance:org.sumeet.tests.flightReservation.RegistrationPageTests@12a94400]" started-at="2024-05-03T12:54:54 GMT" name="setupConfig" finished-at="2024-05-03T12:54:54 GMT" duration-ms="17" status="PASS">
          <reporter-output>
          </reporter-output>
        </test-method> <!-- setupConfig -->
        <test-method is-config="true" signature="setDriver(org.testng.ITestContext)[pri:0, instance:org.sumeet.tests.flightReservation.RegistrationPageTests@12a94400]" started-at="2024-05-03T12:54:54 GMT" name="setDriver" finished-at="2024-05-03T12:54:58 GMT" duration-ms="3184" status="PASS">
          <params>
            <param index="0">
              <value>
                <![CDATA[org.testng.TestRunner@6239aba6]]>
              </value>
            </param>
          </params>
          <reporter-output>
          </reporter-output>
        </test-method> <!-- setDriver -->
        <test-method is-config="true" signature="setPageObjects(java.lang.String,java.lang.String,java.lang.String)[pri:0, instance:org.sumeet.tests.flightReservation.RegistrationPageTests@12a94400]" started-at="2024-05-03T12:54:58 GMT" name="setPageObjects" finished-at="2024-05-03T12:54:58 GMT" depends-on-methods="org.sumeet.AbtractTest.setDriver" duration-ms="157" status="PASS">
          <params>
            <param index="0">
              <value>
                <![CDATA[2]]>
              </value>
            </param>
            <param index="1">
              <value>
                <![CDATA[$1169 USD]]>
              </value>
            </param>
            <param index="2">
              <value>
                <![CDATA[test-data/flight-reservation/passenger-4.json]]>
              </value>
            </param>
          </params>
          <reporter-output>
          </reporter-output>
        </test-method> <!-- setPageObjects -->
        <test-method signature="userRegistrationTest()[pri:0, instance:org.sumeet.tests.flightReservation.RegistrationPageTests@12a94400]" started-at="2024-05-03T12:54:58 GMT" name="userRegistrationTest" finished-at="2024-05-03T12:55:01 GMT" duration-ms="3709" status="PASS">
          <reporter-output>
          </reporter-output>
        </test-method> <!-- userRegistrationTest -->
        <test-method is-config="true" signature="sleep()[pri:0, instance:org.sumeet.tests.flightReservation.RegistrationPageTests@12a94400]" started-at="2024-05-03T12:55:01 GMT" name="sleep" finished-at="2024-05-03T12:55:06 GMT" duration-ms="5001" status="PASS">
          <reporter-output>
          </reporter-output>
        </test-method> <!-- sleep -->
        <test-method signature="userRegistrationConfirmationTest()[pri:0, instance:org.sumeet.tests.flightReservation.RegistrationPageTests@12a94400]" started-at="2024-05-03T12:55:06 GMT" name="userRegistrationConfirmationTest" finished-at="2024-05-03T12:55:07 GMT" depends-on-methods="org.sumeet.tests.flightReservation.RegistrationPageTests.userRegistrationTest" duration-ms="117" status="PASS">
          <reporter-output>
          </reporter-output>
        </test-method> <!-- userRegistrationConfirmationTest -->
        <test-method is-config="true" signature="sleep()[pri:0, instance:org.sumeet.tests.flightReservation.RegistrationPageTests@12a94400]" started-at="2024-05-03T12:55:07 GMT" name="sleep" finished-at="2024-05-03T12:55:12 GMT" duration-ms="5000" status="PASS">
          <reporter-output>
          </reporter-output>
        </test-method> <!-- sleep -->
        <test-method signature="userFlightSearchPageTest()[pri:0, instance:org.sumeet.tests.flightReservation.RegistrationPageTests@12a94400]" started-at="2024-05-03T12:55:12 GMT" name="userFlightSearchPageTest" finished-at="2024-05-03T12:55:12 GMT" depends-on-methods="org.sumeet.tests.flightReservation.RegistrationPageTests.userRegistrationConfirmationTest" duration-ms="620" status="PASS">
          <reporter-output>
          </reporter-output>
        </test-method> <!-- userFlightSearchPageTest -->
        <test-method is-config="true" signature="sleep()[pri:0, instance:org.sumeet.tests.flightReservation.RegistrationPageTests@12a94400]" started-at="2024-05-03T12:55:12 GMT" name="sleep" finished-at="2024-05-03T12:55:17 GMT" duration-ms="5000" status="PASS">
          <reporter-output>
          </reporter-output>
        </test-method> <!-- sleep -->
        <test-method signature="userFlightSelectionPageTest()[pri:0, instance:org.sumeet.tests.flightReservation.RegistrationPageTests@12a94400]" started-at="2024-05-03T12:55:17 GMT" name="userFlightSelectionPageTest" finished-at="2024-05-03T12:55:18 GMT" depends-on-methods="org.sumeet.tests.flightReservation.RegistrationPageTests.userFlightSearchPageTest" duration-ms="738" status="PASS">
          <reporter-output>
          </reporter-output>
        </test-method> <!-- userFlightSelectionPageTest -->
        <test-method is-config="true" signature="sleep()[pri:0, instance:org.sumeet.tests.flightReservation.RegistrationPageTests@12a94400]" started-at="2024-05-03T12:55:18 GMT" name="sleep" finished-at="2024-05-03T12:55:23 GMT" duration-ms="5000" status="PASS">
          <reporter-output>
          </reporter-output>
        </test-method> <!-- sleep -->
        <test-method signature="userFlightReservationConfirmationPageTest()[pri:0, instance:org.sumeet.tests.flightReservation.RegistrationPageTests@12a94400]" started-at="2024-05-03T12:55:23 GMT" name="userFlightReservationConfirmationPageTest" finished-at="2024-05-03T12:55:23 GMT" depends-on-methods="org.sumeet.tests.flightReservation.RegistrationPageTests.userFlightSelectionPageTest" duration-ms="132" status="PASS">
          <reporter-output>
          </reporter-output>
        </test-method> <!-- userFlightReservationConfirmationPageTest -->
        <test-method is-config="true" signature="sleep()[pri:0, instance:org.sumeet.tests.flightReservation.RegistrationPageTests@12a94400]" started-at="2024-05-03T12:55:23 GMT" name="sleep" finished-at="2024-05-03T12:55:28 GMT" duration-ms="5000" status="PASS">
          <reporter-output>
          </reporter-output>
        </test-method> <!-- sleep -->
        <test-method is-config="true" signature="quitDriver()[pri:0, instance:org.sumeet.tests.flightReservation.RegistrationPageTests@12a94400]" started-at="2024-05-03T12:55:28 GMT" name="quitDriver" finished-at="2024-05-03T12:55:29 GMT" duration-ms="705" status="PASS">
          <reporter-output>
          </reporter-output>
        </test-method> <!-- quitDriver -->
      </class> <!-- org.sumeet.tests.flightReservation.RegistrationPageTests -->
    </test> <!-- passenger4 -->
    <test started-at="2024-05-03T12:54:54 GMT" name="passenger2" finished-at="2024-05-03T12:55:29 GMT" duration-ms="34574">
      <class name="org.sumeet.tests.flightReservation.RegistrationPageTests">
        <test-method is-config="true" signature="setDriver(org.testng.ITestContext)[pri:0, instance:org.sumeet.tests.flightReservation.RegistrationPageTests@398dada8]" started-at="2024-05-03T12:54:54 GMT" name="setDriver" finished-at="2024-05-03T12:54:58 GMT" duration-ms="3185" status="PASS">
          <params>
            <param index="0">
              <value>
                <![CDATA[org.testng.TestRunner@1339e7aa]]>
              </value>
            </param>
          </params>
          <reporter-output>
          </reporter-output>
        </test-method> <!-- setDriver -->
        <test-method is-config="true" signature="setPageObjects(java.lang.String,java.lang.String,java.lang.String)[pri:0, instance:org.sumeet.tests.flightReservation.RegistrationPageTests@398dada8]" started-at="2024-05-03T12:54:58 GMT" name="setPageObjects" finished-at="2024-05-03T12:54:58 GMT" depends-on-methods="org.sumeet.AbtractTest.setDriver" duration-ms="157" status="PASS">
          <params>
            <param index="0">
              <value>
                <![CDATA[2]]>
              </value>
            </param>
            <param index="1">
              <value>
                <![CDATA[$1169 USD]]>
              </value>
            </param>
            <param index="2">
              <value>
                <![CDATA[test-data/flight-reservation/passenger-2.json]]>
              </value>
            </param>
          </params>
          <reporter-output>
          </reporter-output>
        </test-method> <!-- setPageObjects -->
        <test-method signature="userRegistrationTest()[pri:0, instance:org.sumeet.tests.flightReservation.RegistrationPageTests@398dada8]" started-at="2024-05-03T12:54:58 GMT" name="userRegistrationTest" finished-at="2024-05-03T12:55:02 GMT" duration-ms="3817" status="PASS">
          <reporter-output>
          </reporter-output>
        </test-method> <!-- userRegistrationTest -->
        <test-method is-config="true" signature="sleep()[pri:0, instance:org.sumeet.tests.flightReservation.RegistrationPageTests@398dada8]" started-at="2024-05-03T12:55:02 GMT" name="sleep" finished-at="2024-05-03T12:55:07 GMT" duration-ms="5001" status="PASS">
          <reporter-output>
          </reporter-output>
        </test-method> <!-- sleep -->
        <test-method signature="userRegistrationConfirmationTest()[pri:0, instance:org.sumeet.tests.flightReservation.RegistrationPageTests@398dada8]" started-at="2024-05-03T12:55:07 GMT" name="userRegistrationConfirmationTest" finished-at="2024-05-03T12:55:07 GMT" depends-on-methods="org.sumeet.tests.flightReservation.RegistrationPageTests.userRegistrationTest" duration-ms="99" status="PASS">
          <reporter-output>
          </reporter-output>
        </test-method> <!-- userRegistrationConfirmationTest -->
        <test-method is-config="true" signature="sleep()[pri:0, instance:org.sumeet.tests.flightReservation.RegistrationPageTests@398dada8]" started-at="2024-05-03T12:55:07 GMT" name="sleep" finished-at="2024-05-03T12:55:12 GMT" duration-ms="5000" status="PASS">
          <reporter-output>
          </reporter-output>
        </test-method> <!-- sleep -->
        <test-method signature="userFlightSearchPageTest()[pri:0, instance:org.sumeet.tests.flightReservation.RegistrationPageTests@398dada8]" started-at="2024-05-03T12:55:12 GMT" name="userFlightSearchPageTest" finished-at="2024-05-03T12:55:12 GMT" depends-on-methods="org.sumeet.tests.flightReservation.RegistrationPageTests.userRegistrationConfirmationTest" duration-ms="614" status="PASS">
          <reporter-output>
          </reporter-output>
        </test-method> <!-- userFlightSearchPageTest -->
        <test-method is-config="true" signature="sleep()[pri:0, instance:org.sumeet.tests.flightReservation.RegistrationPageTests@398dada8]" started-at="2024-05-03T12:55:12 GMT" name="sleep" finished-at="2024-05-03T12:55:17 GMT" duration-ms="5001" status="PASS">
          <reporter-output>
          </reporter-output>
        </test-method> <!-- sleep -->
        <test-method signature="userFlightSelectionPageTest()[pri:0, instance:org.sumeet.tests.flightReservation.RegistrationPageTests@398dada8]" started-at="2024-05-03T12:55:17 GMT" name="userFlightSelectionPageTest" finished-at="2024-05-03T12:55:18 GMT" depends-on-methods="org.sumeet.tests.flightReservation.RegistrationPageTests.userFlightSearchPageTest" duration-ms="751" status="PASS">
          <reporter-output>
          </reporter-output>
        </test-method> <!-- userFlightSelectionPageTest -->
        <test-method is-config="true" signature="sleep()[pri:0, instance:org.sumeet.tests.flightReservation.RegistrationPageTests@398dada8]" started-at="2024-05-03T12:55:18 GMT" name="sleep" finished-at="2024-05-03T12:55:23 GMT" duration-ms="5001" status="PASS">
          <reporter-output>
          </reporter-output>
        </test-method> <!-- sleep -->
        <test-method signature="userFlightReservationConfirmationPageTest()[pri:0, instance:org.sumeet.tests.flightReservation.RegistrationPageTests@398dada8]" started-at="2024-05-03T12:55:23 GMT" name="userFlightReservationConfirmationPageTest" finished-at="2024-05-03T12:55:23 GMT" depends-on-methods="org.sumeet.tests.flightReservation.RegistrationPageTests.userFlightSelectionPageTest" duration-ms="137" status="PASS">
          <reporter-output>
          </reporter-output>
        </test-method> <!-- userFlightReservationConfirmationPageTest -->
        <test-method is-config="true" signature="sleep()[pri:0, instance:org.sumeet.tests.flightReservation.RegistrationPageTests@398dada8]" started-at="2024-05-03T12:55:23 GMT" name="sleep" finished-at="2024-05-03T12:55:28 GMT" duration-ms="5000" status="PASS">
          <reporter-output>
          </reporter-output>
        </test-method> <!-- sleep -->
        <test-method is-config="true" signature="quitDriver()[pri:0, instance:org.sumeet.tests.flightReservation.RegistrationPageTests@398dada8]" started-at="2024-05-03T12:55:28 GMT" name="quitDriver" finished-at="2024-05-03T12:55:29 GMT" duration-ms="784" status="PASS">
          <reporter-output>
          </reporter-output>
        </test-method> <!-- quitDriver -->
      </class> <!-- org.sumeet.tests.flightReservation.RegistrationPageTests -->
    </test> <!-- passenger2 -->
    <test started-at="2024-05-03T12:54:54 GMT" name="passenger3" finished-at="2024-05-03T12:56:00 GMT" duration-ms="65663">
      <class name="org.sumeet.tests.flightReservation.RegistrationPageTests">
        <test-method is-config="true" signature="setDriver(org.testng.ITestContext)[pri:0, instance:org.sumeet.tests.flightReservation.RegistrationPageTests@275bf9b3]" started-at="2024-05-03T12:54:54 GMT" name="setDriver" finished-at="2024-05-03T12:55:30 GMT" duration-ms="36083" status="PASS">
          <params>
            <param index="0">
              <value>
                <![CDATA[org.testng.TestRunner@1fb669c3]]>
              </value>
            </param>
          </params>
          <reporter-output>
          </reporter-output>
        </test-method> <!-- setDriver -->
        <test-method is-config="true" signature="setPageObjects(java.lang.String,java.lang.String,java.lang.String)[pri:0, instance:org.sumeet.tests.flightReservation.RegistrationPageTests@275bf9b3]" started-at="2024-05-03T12:55:30 GMT" name="setPageObjects" finished-at="2024-05-03T12:55:30 GMT" depends-on-methods="org.sumeet.AbtractTest.setDriver" duration-ms="2" status="PASS">
          <params>
            <param index="0">
              <value>
                <![CDATA[2]]>
              </value>
            </param>
            <param index="1">
              <value>
                <![CDATA[$1169 USD]]>
              </value>
            </param>
            <param index="2">
              <value>
                <![CDATA[test-data/flight-reservation/passenger-3.json]]>
              </value>
            </param>
          </params>
          <reporter-output>
          </reporter-output>
        </test-method> <!-- setPageObjects -->
        <test-method signature="userRegistrationTest()[pri:0, instance:org.sumeet.tests.flightReservation.RegistrationPageTests@275bf9b3]" started-at="2024-05-03T12:55:30 GMT" name="userRegistrationTest" finished-at="2024-05-03T12:55:33 GMT" duration-ms="2457" status="PASS">
          <reporter-output>
          </reporter-output>
        </test-method> <!-- userRegistrationTest -->
        <test-method is-config="true" signature="sleep()[pri:0, instance:org.sumeet.tests.flightReservation.RegistrationPageTests@275bf9b3]" started-at="2024-05-03T12:55:33 GMT" name="sleep" finished-at="2024-05-03T12:55:38 GMT" duration-ms="5001" status="PASS">
          <reporter-output>
          </reporter-output>
        </test-method> <!-- sleep -->
        <test-method signature="userRegistrationConfirmationTest()[pri:0, instance:org.sumeet.tests.flightReservation.RegistrationPageTests@275bf9b3]" started-at="2024-05-03T12:55:38 GMT" name="userRegistrationConfirmationTest" finished-at="2024-05-03T12:55:38 GMT" depends-on-methods="org.sumeet.tests.flightReservation.RegistrationPageTests.userRegistrationTest" duration-ms="125" status="PASS">
          <reporter-output>
          </reporter-output>
        </test-method> <!-- userRegistrationConfirmationTest -->
        <test-method is-config="true" signature="sleep()[pri:0, instance:org.sumeet.tests.flightReservation.RegistrationPageTests@275bf9b3]" started-at="2024-05-03T12:55:38 GMT" name="sleep" finished-at="2024-05-03T12:55:43 GMT" duration-ms="5000" status="PASS">
          <reporter-output>
          </reporter-output>
        </test-method> <!-- sleep -->
        <test-method signature="userFlightSearchPageTest()[pri:0, instance:org.sumeet.tests.flightReservation.RegistrationPageTests@275bf9b3]" started-at="2024-05-03T12:55:43 GMT" name="userFlightSearchPageTest" finished-at="2024-05-03T12:55:44 GMT" depends-on-methods="org.sumeet.tests.flightReservation.RegistrationPageTests.userRegistrationConfirmationTest" duration-ms="597" status="PASS">
          <reporter-output>
          </reporter-output>
        </test-method> <!-- userFlightSearchPageTest -->
        <test-method is-config="true" signature="sleep()[pri:0, instance:org.sumeet.tests.flightReservation.RegistrationPageTests@275bf9b3]" started-at="2024-05-03T12:55:44 GMT" name="sleep" finished-at="2024-05-03T12:55:49 GMT" duration-ms="5000" status="PASS">
          <reporter-output>
          </reporter-output>
        </test-method> <!-- sleep -->
        <test-method signature="userFlightSelectionPageTest()[pri:0, instance:org.sumeet.tests.flightReservation.RegistrationPageTests@275bf9b3]" started-at="2024-05-03T12:55:49 GMT" name="userFlightSelectionPageTest" finished-at="2024-05-03T12:55:49 GMT" depends-on-methods="org.sumeet.tests.flightReservation.RegistrationPageTests.userFlightSearchPageTest" duration-ms="729" status="PASS">
          <reporter-output>
          </reporter-output>
        </test-method> <!-- userFlightSelectionPageTest -->
        <test-method is-config="true" signature="sleep()[pri:0, instance:org.sumeet.tests.flightReservation.RegistrationPageTests@275bf9b3]" started-at="2024-05-03T12:55:49 GMT" name="sleep" finished-at="2024-05-03T12:55:54 GMT" duration-ms="5001" status="PASS">
          <reporter-output>
          </reporter-output>
        </test-method> <!-- sleep -->
        <test-method signature="userFlightReservationConfirmationPageTest()[pri:0, instance:org.sumeet.tests.flightReservation.RegistrationPageTests@275bf9b3]" started-at="2024-05-03T12:55:54 GMT" name="userFlightReservationConfirmationPageTest" finished-at="2024-05-03T12:55:54 GMT" depends-on-methods="org.sumeet.tests.flightReservation.RegistrationPageTests.userFlightSelectionPageTest" duration-ms="111" status="PASS">
          <reporter-output>
          </reporter-output>
        </test-method> <!-- userFlightReservationConfirmationPageTest -->
        <test-method is-config="true" signature="sleep()[pri:0, instance:org.sumeet.tests.flightReservation.RegistrationPageTests@275bf9b3]" started-at="2024-05-03T12:55:54 GMT" name="sleep" finished-at="2024-05-03T12:55:59 GMT" duration-ms="5000" status="PASS">
          <reporter-output>
          </reporter-output>
        </test-method> <!-- sleep -->
        <test-method is-config="true" signature="quitDriver()[pri:0, instance:org.sumeet.tests.flightReservation.RegistrationPageTests@275bf9b3]" started-at="2024-05-03T12:55:59 GMT" name="quitDriver" finished-at="2024-05-03T12:56:00 GMT" duration-ms="538" status="PASS">
          <reporter-output>
          </reporter-output>
        </test-method> <!-- quitDriver -->
      </class> <!-- org.sumeet.tests.flightReservation.RegistrationPageTests -->
    </test> <!-- passenger3 -->
  </suite> <!-- Suite1 -->
</testng-results>
